  LevelManager.cpp
C:\Users\steph\Desktop\LevelManagerPlugin\LevelManagerPlugin\LevelManager.h(29,41): warning C4251: 'LevelManager::m_objectList': class 'std::vector<RawGameObject,std::allocator<RawGameObject>>' needs to have dll-interface to be used by clients of class 'LevelManager'
C:\Users\steph\Desktop\LevelManagerPlugin\LevelManagerPlugin\LevelManager.h(29): message : see declaration of 'std::vector<RawGameObject,std::allocator<RawGameObject>>'
C:\Users\steph\Desktop\LevelManagerPlugin\LevelManagerPlugin\LevelManager.cpp(25,31): warning C4267: 'return': conversion from 'size_t' to 'int', possible loss of data
C:\Users\steph\Desktop\LevelManagerPlugin\LevelManagerPlugin\LevelManager.cpp(79,53): warning C4267: 'initializing': conversion from 'size_t' to 'int', possible loss of data
C:\Users\steph\Desktop\LevelManagerPlugin\LevelManagerPlugin\LevelManager.cpp(101,48): warning C4267: 'initializing': conversion from 'size_t' to 'int', possible loss of data
C:\Users\steph\Desktop\LevelManagerPlugin\LevelManagerPlugin\LevelManager.cpp(102,47): warning C4305: 'argument': truncation from 'int' to 'const _Elem'
          with
          [
              _Elem=char
          ]
C:\Users\steph\Desktop\LevelManagerPlugin\LevelManagerPlugin\LevelManager.cpp(102,28): warning C4309: 'argument': truncation of constant value
C:\Users\steph\Desktop\LevelManagerPlugin\LevelManagerPlugin\LevelManager.cpp(102,48): warning C4267: 'initializing': conversion from 'size_t' to 'int', possible loss of data
     Creating library C:\Users\steph\Desktop\LevelManagerPlugin\x64\Release\LevelManagerPlugin.lib and object C:\Users\steph\Desktop\LevelManagerPlugin\x64\Release\LevelManagerPlugin.exp
  Generating code
  2 of 355 functions ( 0.6%) were compiled, the rest were copied from previous compilation.
    0 functions were new in current compilation
    0 functions had inline decision re-evaluated but remain unchanged
  Finished generating code
  LevelManagerPlugin.vcxproj -> C:\Users\steph\Desktop\LevelManagerPlugin\x64\Release\LevelManagerPlugin.dll
